<?xml version="1.0" encoding="UTF-8"?>
<testng-results ignored="0" total="1" passed="1" failed="0" skipped="0">
  <reporter-output>
  </reporter-output>
  <suite started-at="2020-09-01T13:21:17 IST" name="Default suite" finished-at="2020-09-01T13:21:21 IST" duration-ms="4033">
    <groups>
    </groups>
    <test started-at="2020-09-01T13:21:17 IST" name="Default test" finished-at="2020-09-01T13:21:21 IST" duration-ms="4033">
      <class name="com.niraj.TestTimezoneAndCurrency">
        <test-method signature="extractTimezoneandCurrency()[pri:0, instance:com.niraj.TestTimezoneAndCurrency@ec756bd]" started-at="2020-09-01T13:21:17 IST" name="extractTimezoneandCurrency" finished-at="2020-09-01T13:21:21 IST" duration-ms="3997" status="PASS">
          <reporter-output>
          </reporter-output>
        </test-method> <!-- extractTimezoneandCurrency -->
      </class> <!-- com.niraj.TestTimezoneAndCurrency -->
    </test> <!-- Default test -->
  </suite> <!-- Default suite -->
</testng-results>
