<?xml version="1.0" encoding="UTF-8"?>
<testng-results total="1" passed="1" failed="0" skipped="0">
  <reporter-output>
  </reporter-output>
  <suite started-at="2020-09-01T12:48:01Z" name="Default suite" finished-at="2020-09-01T12:48:04Z" duration-ms="2634">
    <groups>
      <group name="cucumber">
        <method signature="AbstractTestNGCucumberTests.feature(cucumber.api.testng.CucumberFeatureWrapper)[pri:0, instance:Runner.TestRunner@1e1a0406]" name="feature" class="cucumber.api.testng.AbstractTestNGCucumberTests"/>
      </group> <!-- cucumber -->
    </groups>
    <test started-at="2020-09-01T12:48:01Z" name="Default test" finished-at="2020-09-01T12:48:04Z" duration-ms="2634">
      <class name="Runner.TestRunner">
        <test-method is-config="true" signature="setUpClass()[pri:0, instance:Runner.TestRunner@1e1a0406]" started-at="2020-09-01T18:18:01Z" name="setUpClass" finished-at="2020-09-01T18:18:02Z" duration-ms="180" status="PASS">
          <reporter-output>
          </reporter-output>
        </test-method> <!-- setUpClass -->
        <test-method signature="feature(cucumber.api.testng.CucumberFeatureWrapper)[pri:0, instance:Runner.TestRunner@1e1a0406]" started-at="2020-09-01T18:18:02Z" name="feature" description="Runs Cucumber Feature" data-provider="features" finished-at="2020-09-01T18:18:04Z" duration-ms="2381" status="PASS">
          <params>
            <param index="0">
              <value>
                <![CDATA[API tseting]]>
              </value>
            </param>
          </params>
          <reporter-output>
          </reporter-output>
        </test-method> <!-- feature -->
        <test-method is-config="true" signature="tearDownClass()[pri:0, instance:Runner.TestRunner@1e1a0406]" started-at="2020-09-01T18:18:04Z" name="tearDownClass" finished-at="2020-09-01T18:18:04Z" duration-ms="5" status="PASS">
          <reporter-output>
          </reporter-output>
        </test-method> <!-- tearDownClass -->
      </class> <!-- Runner.TestRunner -->
    </test> <!-- Default test -->
  </suite> <!-- Default suite -->
</testng-results>
