<?xml version="1.0" encoding="UTF-8"?>
<testng-results ignored="0" total="1" passed="1" failed="0" skipped="0">
  <reporter-output>
  </reporter-output>
  <suite started-at="2020-08-25T16:17:43 IST" name="Default suite" finished-at="2020-08-25T16:17:43 IST" duration-ms="40">
    <groups>
    </groups>
    <test started-at="2020-08-25T16:17:43 IST" name="Default test" finished-at="2020-08-25T16:17:43 IST" duration-ms="40">
      <class name="com.niraj.Test2">
        <test-method signature="testSalutationMessage()[pri:0, instance:com.niraj.Test2@2cbb3d47]" started-at="2020-08-25T16:17:43 IST" name="testSalutationMessage" finished-at="2020-08-25T16:17:43 IST" duration-ms="9" status="PASS">
          <reporter-output>
          </reporter-output>
        </test-method> <!-- testSalutationMessage -->
      </class> <!-- com.niraj.Test2 -->
    </test> <!-- Default test -->
  </suite> <!-- Default suite -->
</testng-results>
