<?xml version="1.0" encoding="UTF-8"?>
<testng-results ignored="0" total="1" passed="1" failed="0" skipped="0">
  <reporter-output>
  </reporter-output>
  <suite started-at="2020-09-01T14:59:56 IST" name="Suite" finished-at="2020-09-01T15:00:00 IST" duration-ms="3678">
    <groups>
    </groups>
    <test started-at="2020-09-01T14:59:56 IST" name="Test" finished-at="2020-09-01T15:00:00 IST" duration-ms="3678">
      <class name="com.niraj.TestTimezoneAndCurrency">
        <test-method signature="extractTimezoneandCurrency()[pri:0, instance:com.niraj.TestTimezoneAndCurrency@176d53b2]" started-at="2020-09-01T14:59:56 IST" name="extractTimezoneandCurrency" finished-at="2020-09-01T15:00:00 IST" duration-ms="3644" status="PASS">
          <reporter-output>
          </reporter-output>
        </test-method> <!-- extractTimezoneandCurrency -->
      </class> <!-- com.niraj.TestTimezoneAndCurrency -->
    </test> <!-- Test -->
  </suite> <!-- Suite -->
</testng-results>
